<?xml version="1.0" encoding="UTF-8"?>
<!-- Generated by org.testng.reporters.JUnitXMLReporter -->
<testsuite hostname="Sergeys-MacBook-Pro.local" ignored="0" name="Default test" tests="99" failures="0" timestamp="25 Aug 2017 02:22:21 GMT" time="0.636" errors="0">
  <testcase name="test" time="0.021" classname="core.PrimeNumberCheckerTest"/>
  <testcase name="test" time="0.004" classname="core.PrimeNumberCheckerTest"/>
  <testcase name="test" time="0.005" classname="core.PrimeNumberCheckerTest"/>
  <testcase name="test" time="0.004" classname="core.PrimeNumberCheckerTest"/>
  <testcase name="test" time="0.001" classname="core.PrimeNumberCheckerTest"/>
  <testcase name="test" time="0.001" classname="core.PrimeNumberCheckerTest"/>
  <testcase name="test" time="0.001" classname="core.PrimeNumberCheckerTest"/>
  <testcase name="test" time="0.001" classname="core.PrimeNumberCheckerTest"/>
  <testcase name="test" time="0.002" classname="core.PrimeNumberCheckerTest"/>
  <testcase name="test" time="0.005" classname="core.PrimeNumberCheckerTest"/>
  <testcase name="test" time="0.014" classname="core.PrimeNumberCheckerTest"/>
  <testcase name="test" time="0.009" classname="core.PrimeNumberCheckerTest"/>
  <testcase name="test" time="0.024" classname="core.PrimeNumberCheckerTest"/>
  <testcase name="test" time="0.006" classname="core.PrimeNumberCheckerTest"/>
  <testcase name="test" time="0.003" classname="core.PrimeNumberCheckerTest"/>
  <testcase name="test" time="0.005" classname="core.PrimeNumberCheckerTest"/>
  <testcase name="test" time="0.002" classname="core.PrimeNumberCheckerTest"/>
  <testcase name="test" time="0.003" classname="core.PrimeNumberCheckerTest"/>
  <testcase name="test" time="0.001" classname="core.PrimeNumberCheckerTest"/>
  <testcase name="test" time="0.001" classname="core.PrimeNumberCheckerTest"/>
  <testcase name="test" time="0.006" classname="core.PrimeNumberCheckerTest"/>
  <testcase name="test" time="0.002" classname="core.PrimeNumberCheckerTest"/>
  <testcase name="test" time="0.003" classname="core.PrimeNumberCheckerTest"/>
  <testcase name="test" time="0.012" classname="core.PrimeNumberCheckerTest"/>
  <testcase name="test" time="0.002" classname="core.PrimeNumberCheckerTest"/>
  <testcase name="test" time="0.002" classname="core.PrimeNumberCheckerTest"/>
  <testcase name="test" time="0.002" classname="core.PrimeNumberCheckerTest"/>
  <testcase name="test" time="0.017" classname="core.PrimeNumberCheckerTest"/>
  <testcase name="test" time="0.002" classname="core.PrimeNumberCheckerTest"/>
  <testcase name="test" time="0.014" classname="core.PrimeNumberCheckerTest"/>
  <testcase name="test" time="0.011" classname="core.PrimeNumberCheckerTest"/>
  <testcase name="test" time="0.005" classname="core.PrimeNumberCheckerTest"/>
  <testcase name="test" time="0.012" classname="core.PrimeNumberCheckerTest"/>
  <testcase name="test" time="0.002" classname="core.PrimeNumberCheckerTest"/>
  <testcase name="test" time="0.002" classname="core.PrimeNumberCheckerTest"/>
  <testcase name="test" time="0.002" classname="core.PrimeNumberCheckerTest"/>
  <testcase name="test" time="0.001" classname="core.PrimeNumberCheckerTest"/>
  <testcase name="test" time="0.005" classname="core.PrimeNumberCheckerTest"/>
  <testcase name="test" time="0.002" classname="core.PrimeNumberCheckerTest"/>
  <testcase name="test" time="0.005" classname="core.PrimeNumberCheckerTest"/>
  <testcase name="test" time="0.004" classname="core.PrimeNumberCheckerTest"/>
  <testcase name="test" time="0.001" classname="core.PrimeNumberCheckerTest"/>
  <testcase name="test" time="0.007" classname="core.PrimeNumberCheckerTest"/>
  <testcase name="test" time="0.001" classname="core.PrimeNumberCheckerTest"/>
  <testcase name="test" time="0.003" classname="core.PrimeNumberCheckerTest"/>
  <testcase name="test" time="0.002" classname="core.PrimeNumberCheckerTest"/>
  <testcase name="test" time="0.003" classname="core.PrimeNumberCheckerTest"/>
  <testcase name="test" time="0.002" classname="core.PrimeNumberCheckerTest"/>
  <testcase name="test" time="0.003" classname="core.PrimeNumberCheckerTest"/>
  <testcase name="test" time="0.001" classname="core.PrimeNumberCheckerTest"/>
  <testcase name="test" time="0.002" classname="core.PrimeNumberCheckerTest"/>
  <testcase name="test" time="0.001" classname="core.PrimeNumberCheckerTest"/>
  <testcase name="test" time="0.002" classname="core.PrimeNumberCheckerTest"/>
  <testcase name="test" time="0.002" classname="core.PrimeNumberCheckerTest"/>
  <testcase name="test" time="0.002" classname="core.PrimeNumberCheckerTest"/>
  <testcase name="test" time="0.001" classname="core.PrimeNumberCheckerTest"/>
  <testcase name="test" time="0.001" classname="core.PrimeNumberCheckerTest"/>
  <testcase name="test" time="0.001" classname="core.PrimeNumberCheckerTest"/>
  <testcase name="test" time="0.001" classname="core.PrimeNumberCheckerTest"/>
  <testcase name="test" time="0.001" classname="core.PrimeNumberCheckerTest"/>
  <testcase name="test" time="0.002" classname="core.PrimeNumberCheckerTest"/>
  <testcase name="test" time="0.001" classname="core.PrimeNumberCheckerTest"/>
  <testcase name="test" time="0.006" classname="core.PrimeNumberCheckerTest"/>
  <testcase name="test" time="0.001" classname="core.PrimeNumberCheckerTest"/>
  <testcase name="test" time="0.001" classname="core.PrimeNumberCheckerTest"/>
  <testcase name="test" time="0.003" classname="core.PrimeNumberCheckerTest"/>
  <testcase name="test" time="0.001" classname="core.PrimeNumberCheckerTest"/>
  <testcase name="test" time="0.001" classname="core.PrimeNumberCheckerTest"/>
  <testcase name="test" time="0.002" classname="core.PrimeNumberCheckerTest"/>
  <testcase name="test" time="0.001" classname="core.PrimeNumberCheckerTest"/>
  <testcase name="test" time="0.001" classname="core.PrimeNumberCheckerTest"/>
  <testcase name="test" time="0.01" classname="core.PrimeNumberCheckerTest"/>
  <testcase name="test" time="0.0" classname="core.PrimeNumberCheckerTest"/>
  <testcase name="test" time="0.001" classname="core.PrimeNumberCheckerTest"/>
  <testcase name="test" time="0.002" classname="core.PrimeNumberCheckerTest"/>
  <testcase name="test" time="0.002" classname="core.PrimeNumberCheckerTest"/>
  <testcase name="test" time="0.001" classname="core.PrimeNumberCheckerTest"/>
  <testcase name="test" time="0.001" classname="core.PrimeNumberCheckerTest"/>
  <testcase name="test" time="0.004" classname="core.PrimeNumberCheckerTest"/>
  <testcase name="test" time="0.006" classname="core.PrimeNumberCheckerTest"/>
  <testcase name="test" time="0.001" classname="core.PrimeNumberCheckerTest"/>
  <testcase name="test" time="0.001" classname="core.PrimeNumberCheckerTest"/>
  <testcase name="test" time="0.001" classname="core.PrimeNumberCheckerTest"/>
  <testcase name="test" time="0.001" classname="core.PrimeNumberCheckerTest"/>
  <testcase name="test" time="0.002" classname="core.PrimeNumberCheckerTest"/>
  <testcase name="test" time="0.001" classname="core.PrimeNumberCheckerTest"/>
  <testcase name="test" time="0.001" classname="core.PrimeNumberCheckerTest"/>
  <testcase name="test" time="0.001" classname="core.PrimeNumberCheckerTest"/>
  <testcase name="test" time="0.001" classname="core.PrimeNumberCheckerTest"/>
  <testcase name="test" time="0.001" classname="core.PrimeNumberCheckerTest"/>
  <testcase name="test" time="0.001" classname="core.PrimeNumberCheckerTest"/>
  <testcase name="test" time="0.001" classname="core.PrimeNumberCheckerTest"/>
  <testcase name="test" time="0.001" classname="core.PrimeNumberCheckerTest"/>
  <testcase name="test" time="0.002" classname="core.PrimeNumberCheckerTest"/>
  <testcase name="test" time="0.001" classname="core.PrimeNumberCheckerTest"/>
  <testcase name="test" time="0.001" classname="core.PrimeNumberCheckerTest"/>
  <testcase name="test" time="0.001" classname="core.PrimeNumberCheckerTest"/>
  <testcase name="test" time="0.01" classname="core.PrimeNumberCheckerTest"/>
  <testcase name="test" time="0.002" classname="core.PrimeNumberCheckerTest"/>
</testsuite> <!-- Default test -->
